<?xml version="1.0" encoding="UTF-8"?>
<!-- Generated by org.testng.reporters.JUnitXMLReporter -->
<testsuite ignored="0" hostname="jaya-manesh" failures="0" tests="2" name="Test Runner 1" time="36.492" errors="0" timestamp="2024-08-21T16:21:28 IST">
  <testcase classname="testNGImplementation.CreateOrgWithTypeAndIndustryTest" name="createOrgWithTypeAndIndustryTest" time="12.317"/>
  <testcase classname="testNGImplementation.CreateOrganizationTest" name="createOrgTest" time="10.1"/>
</testsuite> <!-- Test Runner 1 -->
