<?xml version="1.0" encoding="UTF-8"?>
<!-- Generated by org.testng.reporters.JUnitXMLReporter -->
<testsuite ignored="0" hostname="jaya-manesh" failures="0" tests="2" name="Test Runner 2" time="38.415" errors="0" timestamp="2024-08-21T16:21:30 IST">
  <testcase classname="testNGImplementation.CreateContactWithExistingOrgTest" name="createContact" time="13.027"/>
  <testcase classname="testNGImplementation.CreateEventTest" name="createEventTest" time="8.374"/>
</testsuite> <!-- Test Runner 2 -->
