<?xml version="1.0" encoding="UTF-8"?>
<!-- Generated by org.testng.reporters.JUnitXMLReporter -->
<testsuite ignored="5" hostname="jaya-manesh" failures="0" tests="0" time="0.007" errors="0" timestamp="2024-08-21T16:23:13 IST">
  <testcase classname="testNGImplementation.CreateOrganizationTest" name="createOrgTest" time="0.0">
    <ignored/>
  </testcase> <!-- createOrgTest -->
  <testcase classname="testNGImplementation.CreateAndDuplicateLeadTest" name="createAndDuplicateLeadTest" time="0.0">
    <ignored/>
  </testcase> <!-- createAndDuplicateLeadTest -->
  <testcase classname="testNGImplementation.CreateContactWithExistingOrgTest" name="createContact" time="0.0">
    <ignored/>
  </testcase> <!-- createContact -->
  <testcase classname="testNGImplementation.CreateEventTest" name="createEventTest" time="0.0">
    <ignored/>
  </testcase> <!-- createEventTest -->
  <testcase classname="testNGImplementation.CreateOrgWithTypeAndIndustryTest" name="createOrgWithTypeAndIndustryTest" time="0.0">
    <ignored/>
  </testcase> <!-- createOrgWithTypeAndIndustryTest -->
</testsuite>
